REV001 /projects/sanlab/shared/REV/REV_scripts/fMRI/fx/gng/prepost_analysis/gng_acqs234/matlabbatch_job_gng_acqs234.m REV135
-------------------------------------------------------------------------------
REV135
Running /projects/sanlab/shared/REV/REV_scripts/fMRI/fx/gng/prepost_analysis/gng_acqs234/matlabbatch_job_gng_acqs234.m
Wed Dec 19 12:58:22 PST 2018
-------------------------------------------------------------------------------

                            < M A T L A B (R) >
                  Copyright 1984-2018 The MathWorks, Inc.
                   R2018b (9.5.0.944444) 64-bit (glnxa64)
                              August 28, 2018

 
To get started, type doc.
For product information, visit www.mathworks.com.
 
[Warning: Directory already exists.] 
[> In make_sid_matlabbatch (line 18)
  In run (line 91)] 


------------------------------------------------------------------------
Running job #1
------------------------------------------------------------------------
Running 'File Selector (Batch Mode)'
Done    'File Selector (Batch Mode)'
Running 'Gunzip Files'
Done    'Gunzip Files'
Running 'Expand image frames'
Done    'Expand image frames'
Running 'File Selector (Batch Mode)'
Done    'File Selector (Batch Mode)'
Running 'Gunzip Files'
Done    'Gunzip Files'
Running 'Expand image frames'
Done    'Expand image frames'
Running 'File Selector (Batch Mode)'
Done    'File Selector (Batch Mode)'
Running 'Gunzip Files'
Done    'Gunzip Files'
Running 'Expand image frames'
Done    'Expand image frames'
Running 'Smooth'
